#
# A fatal error has been detected by the Java Runtime Environment:
#
#  EXCEPTION_ACCESS_VIOLATION (0xc0000005) at pc=0x5456ef9e, pid=5828, tid=4812
#
# JRE version: 6.0_17-b04
# Java VM: Java HotSpot(TM) Client VM (14.3-b01 mixed mode, sharing windows-x86 )
# Problematic frame:
# C  [luajni.dll+0xef9e]
#
# If you would like to submit a bug report, please visit:
#   http://java.sun.com/webapps/bugreport/crash.jsp
# The crash happened outside the Java Virtual Machine in native code.
# See problematic frame for where to report the bug.
#

---------------  T H R E A D  ---------------

Current thread (0x011aa000):  JavaThread "main" [_thread_in_native, id=4812, stack(0x001d0000,0x00220000)]

siginfo: ExceptionCode=0xc0000005, reading address 0x00000000

Registers:
EAX=0x00000000, EBX=0x27ca3708, ECX=0x00000005, EDX=0x0024b150
ESP=0x0021f45c, EBP=0x0021f460, ESI=0x27ca3708, EDI=0x011aa000
EIP=0x5456ef9e, EFLAGS=0x00010206

Top of Stack: (sp=0x0021f45c)
0x0021f45c:   cccccccc 0021f478 5456e405 0024b150
0x0021f46c:   27ca3708 cccccccc 0024b150 0021f4b4
0x0021f47c:   014c9e37 011aa110 0021f4cc 0024b150
0x0021f48c:   00000000 fffffffe 0021f494 27ca3708
0x0021f49c:   0021f4cc 27ca4d48 00000000 27ca3708
0x0021f4ac:   00000000 0021f4c4 0021f4f0 014c2da1
0x0021f4bc:   00000000 014c8269 0024b150 00000000
0x0021f4cc:   23c329a0 0021f4d0 27ca42bd 0021f500 

Instructions: (pc=0x5456ef9e)
0x5456ef8e:   f0 d8 ff ff 8b 55 08 52 e8 05 64 00 00 83 c4 08
0x5456ef9e:   8b 00 89 45 fc 6a fe 8b 4d 08 51 e8 b2 5d 00 00 


Stack: [0x001d0000,0x00220000],  sp=0x0021f45c,  free space=317k
Native frames: (J=compiled Java code, j=interpreted, Vv=VM code, C=native code)
C  [luajni.dll+0xef9e]
C  [luajni.dll+0xe405]
j  ge.lua.LuaState._close(J)V+0
j  ge.lua.LuaState.close()V+21
j  bma.lua.javalib.LuaBaseTest.base_OpenClose()V+16
v  ~StubRoutines::call_stub
V  [jvm.dll+0xecf9c]
V  [jvm.dll+0x1741d1]
V  [jvm.dll+0xed01d]
V  [jvm.dll+0x18e65b]
V  [jvm.dll+0x18ee66]
V  [jvm.dll+0x117bf3]
C  [java.dll+0x7162]
j  sun.reflect.NativeMethodAccessorImpl.invoke(Ljava/lang/Object;[Ljava/lang/Object;)Ljava/lang/Object;+87
j  sun.reflect.DelegatingMethodAccessorImpl.invoke(Ljava/lang/Object;[Ljava/lang/Object;)Ljava/lang/Object;+6
j  java.lang.reflect.Method.invoke(Ljava/lang/Object;[Ljava/lang/Object;)Ljava/lang/Object;+161
j  org.junit.runners.model.FrameworkMethod$1.runReflectiveCall()Ljava/lang/Object;+15
j  org.junit.internal.runners.model.ReflectiveCallable.run()Ljava/lang/Object;+1
j  org.junit.runners.model.FrameworkMethod.invokeExplosively(Ljava/lang/Object;[Ljava/lang/Object;)Ljava/lang/Object;+10
j  org.junit.internal.runners.statements.InvokeMethod.evaluate()V+12
j  org.junit.runners.BlockJUnit4ClassRunner.runChild(Lorg/junit/runners/model/FrameworkMethod;Lorg/junit/runner/notification/RunNotifier;)V+31
j  org.junit.runners.BlockJUnit4ClassRunner.runChild(Ljava/lang/Object;Lorg/junit/runner/notification/RunNotifier;)V+6
j  org.junit.runners.ParentRunner$3.run()V+12
j  org.junit.runners.ParentRunner$1.schedule(Ljava/lang/Runnable;)V+1
j  org.junit.runners.ParentRunner.runChildren(Lorg/junit/runner/notification/RunNotifier;)V+40
j  org.junit.runners.ParentRunner.access$000(Lorg/junit/runners/ParentRunner;Lorg/junit/runner/notification/RunNotifier;)V+2
j  org.junit.runners.ParentRunner$2.evaluate()V+8
j  org.junit.runners.ParentRunner.run(Lorg/junit/runner/notification/RunNotifier;)V+20
j  org.eclipse.jdt.internal.junit4.runner.JUnit4TestReference.run(Lorg/eclipse/jdt/internal/junit/runner/TestExecution;)V+72
j  org.eclipse.jdt.internal.junit.runner.TestExecution.run([Lorg/eclipse/jdt/internal/junit/runner/ITestReference;)V+17
j  org.eclipse.jdt.internal.junit.runner.RemoteTestRunner.runTests([Ljava/lang/String;Ljava/lang/String;Lorg/eclipse/jdt/internal/junit/runner/TestExecution;)V+61
j  org.eclipse.jdt.internal.junit.runner.RemoteTestRunner.runTests(Lorg/eclipse/jdt/internal/junit/runner/TestExecution;)V+10
j  org.eclipse.jdt.internal.junit.runner.RemoteTestRunner.run()V+70
j  org.eclipse.jdt.internal.junit.runner.RemoteTestRunner.main([Ljava/lang/String;)V+14
v  ~StubRoutines::call_stub
V  [jvm.dll+0xecf9c]
V  [jvm.dll+0x1741d1]
V  [jvm.dll+0xed01d]
V  [jvm.dll+0xf5be5]
V  [jvm.dll+0xfd83d]
C  [javaw.exe+0x2155]
C  [javaw.exe+0x833e]
C  [KERNEL32.DLL+0x1866]
C  [ntdll.dll+0x368f1]
C  [ntdll.dll+0x3689d]

Java frames: (J=compiled Java code, j=interpreted, Vv=VM code)
j  ge.lua.LuaState._close(J)V+0
j  ge.lua.LuaState.close()V+21
j  bma.lua.javalib.LuaBaseTest.base_OpenClose()V+16
v  ~StubRoutines::call_stub
j  sun.reflect.NativeMethodAccessorImpl.invoke0(Ljava/lang/reflect/Method;Ljava/lang/Object;[Ljava/lang/Object;)Ljava/lang/Object;+0
j  sun.reflect.NativeMethodAccessorImpl.invoke(Ljava/lang/Object;[Ljava/lang/Object;)Ljava/lang/Object;+87
j  sun.reflect.DelegatingMethodAccessorImpl.invoke(Ljava/lang/Object;[Ljava/lang/Object;)Ljava/lang/Object;+6
j  java.lang.reflect.Method.invoke(Ljava/lang/Object;[Ljava/lang/Object;)Ljava/lang/Object;+161
j  org.junit.runners.model.FrameworkMethod$1.runReflectiveCall()Ljava/lang/Object;+15
j  org.junit.internal.runners.model.ReflectiveCallable.run()Ljava/lang/Object;+1
j  org.junit.runners.model.FrameworkMethod.invokeExplosively(Ljava/lang/Object;[Ljava/lang/Object;)Ljava/lang/Object;+10
j  org.junit.internal.runners.statements.InvokeMethod.evaluate()V+12
j  org.junit.runners.BlockJUnit4ClassRunner.runChild(Lorg/junit/runners/model/FrameworkMethod;Lorg/junit/runner/notification/RunNotifier;)V+31
j  org.junit.runners.BlockJUnit4ClassRunner.runChild(Ljava/lang/Object;Lorg/junit/runner/notification/RunNotifier;)V+6
j  org.junit.runners.ParentRunner$3.run()V+12
j  org.junit.runners.ParentRunner$1.schedule(Ljava/lang/Runnable;)V+1
j  org.junit.runners.ParentRunner.runChildren(Lorg/junit/runner/notification/RunNotifier;)V+40
j  org.junit.runners.ParentRunner.access$000(Lorg/junit/runners/ParentRunner;Lorg/junit/runner/notification/RunNotifier;)V+2
j  org.junit.runners.ParentRunner$2.evaluate()V+8
j  org.junit.runners.ParentRunner.run(Lorg/junit/runner/notification/RunNotifier;)V+20
j  org.eclipse.jdt.internal.junit4.runner.JUnit4TestReference.run(Lorg/eclipse/jdt/internal/junit/runner/TestExecution;)V+72
j  org.eclipse.jdt.internal.junit.runner.TestExecution.run([Lorg/eclipse/jdt/internal/junit/runner/ITestReference;)V+17
j  org.eclipse.jdt.internal.junit.runner.RemoteTestRunner.runTests([Ljava/lang/String;Ljava/lang/String;Lorg/eclipse/jdt/internal/junit/runner/TestExecution;)V+61
j  org.eclipse.jdt.internal.junit.runner.RemoteTestRunner.runTests(Lorg/eclipse/jdt/internal/junit/runner/TestExecution;)V+10
j  org.eclipse.jdt.internal.junit.runner.RemoteTestRunner.run()V+70
j  org.eclipse.jdt.internal.junit.runner.RemoteTestRunner.main([Ljava/lang/String;)V+14
v  ~StubRoutines::call_stub

---------------  P R O C E S S  ---------------

Java Threads: ( => current thread )
  0x03a14800 JavaThread "ReaderThread" [_thread_in_native, id=6656, stack(0x03bb0000,0x03c00000)]
  0x035c0000 JavaThread "Low Memory Detector" daemon [_thread_blocked, id=8080, stack(0x03860000,0x038b0000)]
  0x035b1800 JavaThread "CompilerThread0" daemon [_thread_blocked, id=4816, stack(0x03810000,0x03860000)]
  0x035b1000 JavaThread "Attach Listener" daemon [_thread_blocked, id=6564, stack(0x037c0000,0x03810000)]
  0x035aa800 JavaThread "Signal Dispatcher" daemon [_thread_blocked, id=8036, stack(0x03770000,0x037c0000)]
  0x03567400 JavaThread "Finalizer" daemon [_thread_blocked, id=4984, stack(0x03720000,0x03770000)]
  0x03562c00 JavaThread "Reference Handler" daemon [_thread_blocked, id=1536, stack(0x036d0000,0x03720000)]
=>0x011aa000 JavaThread "main" [_thread_in_native, id=4812, stack(0x001d0000,0x00220000)]

Other Threads:
  0x03561000 VMThread [stack: 0x03680000,0x036d0000] [id=5592]
  0x035c1000 WatcherThread [stack: 0x038b0000,0x03900000] [id=3992]

VM state:not at safepoint (normal execution)

VM Mutex/Monitor currently owned by a thread: None

Heap
 def new generation   total 960K, used 494K [0x23bc0000, 0x23cc0000, 0x240a0000)
  eden space 896K,  51% used [0x23bc0000, 0x23c34198, 0x23ca0000)
  from space 64K,  47% used [0x23cb0000, 0x23cb7930, 0x23cc0000)
  to   space 64K,   0% used [0x23ca0000, 0x23ca0000, 0x23cb0000)
 tenured generation   total 4096K, used 316K [0x240a0000, 0x244a0000, 0x27bc0000)
   the space 4096K,   7% used [0x240a0000, 0x240ef360, 0x240ef400, 0x244a0000)
 compacting perm gen  total 12288K, used 915K [0x27bc0000, 0x287c0000, 0x2bbc0000)
   the space 12288K,   7% used [0x27bc0000, 0x27ca4f18, 0x27ca5000, 0x287c0000)
    ro space 8192K,  67% used [0x2bbc0000, 0x2c128230, 0x2c128400, 0x2c3c0000)
    rw space 12288K,  54% used [0x2c3c0000, 0x2ca3d678, 0x2ca3d800, 0x2cfc0000)

Dynamic libraries:
0x00400000 - 0x00424000 	D:\Program Files\Java\jdk1.6.0_17\bin\javaw.exe
0x77c30000 - 0x77d97000 	C:\WINDOWS\SYSTEM32\ntdll.dll
0x76370000 - 0x76468000 	C:\WINDOWS\system32\KERNEL32.DLL
0x75570000 - 0x7562d000 	C:\WINDOWS\system32\KERNELBASE.dll
0x75ac0000 - 0x75b6e000 	C:\WINDOWS\system32\ADVAPI32.dll
0x75b70000 - 0x75c91000 	C:\WINDOWS\system32\USER32.dll
0x766a0000 - 0x76751000 	C:\WINDOWS\system32\msvcrt.dll
0x77bf0000 - 0x77c24000 	C:\WINDOWS\SYSTEM32\sechost.dll
0x76210000 - 0x762e2000 	C:\WINDOWS\system32\RPCRT4.dll
0x757b0000 - 0x758ba000 	C:\WINDOWS\system32\GDI32.dll
0x77bc0000 - 0x77beb000 	C:\WINDOWS\system32\IMM32.DLL
0x76020000 - 0x760fc000 	C:\WINDOWS\system32\MSCTF.dll
0x7c340000 - 0x7c396000 	D:\Program Files\Java\jdk1.6.0_17\jre\bin\msvcr71.dll
0x6d8b0000 - 0x6db3b000 	D:\Program Files\Java\jdk1.6.0_17\jre\bin\client\jvm.dll
0x706b0000 - 0x706d1000 	C:\WINDOWS\SYSTEM32\WINMM.dll
0x70680000 - 0x706aa000 	C:\WINDOWS\SYSTEM32\WINMMBASE.dll
0x71340000 - 0x713e7000 	C:\WINDOWS\system32\apphelp.dll
0x6d860000 - 0x6d86c000 	D:\Program Files\Java\jdk1.6.0_17\jre\bin\verify.dll
0x6d3e0000 - 0x6d3ff000 	D:\Program Files\Java\jdk1.6.0_17\jre\bin\java.dll
0x6d340000 - 0x6d348000 	D:\Program Files\Java\jdk1.6.0_17\jre\bin\hpi.dll
0x762f0000 - 0x762f6000 	C:\WINDOWS\system32\PSAPI.DLL
0x6d8a0000 - 0x6d8af000 	D:\Program Files\Java\jdk1.6.0_17\jre\bin\zip.dll
0x6d6c0000 - 0x6d6d3000 	D:\Program Files\Java\jdk1.6.0_17\jre\bin\net.dll
0x761c0000 - 0x76210000 	C:\WINDOWS\system32\WS2_32.dll
0x778c0000 - 0x778c8000 	C:\WINDOWS\system32\NSI.dll
0x74bf0000 - 0x74c3a000 	C:\WINDOWS\system32\mswsock.dll
0x54560000 - 0x545bc000 	D:\workroom\gamedev.platform\gservice\Debug\luajni.dll
0x543c0000 - 0x5455b000 	C:\WINDOWS\SYSTEM32\MSVCR110D.dll

VM Arguments:
jvm_args: -Djava.library.path=D:\workroom\gamedev.platform\gservice\Debug -Dfile.encoding=UTF-8 
java_command: org.eclipse.jdt.internal.junit.runner.RemoteTestRunner -version 3 -port 62266 -testLoaderClass org.eclipse.jdt.internal.junit4.runner.JUnit4TestLoader -loaderpluginname org.eclipse.jdt.junit4.runtime -test bma.lua.javalib.LuaBaseTest:base_OpenClose
Launcher Type: SUN_STANDARD

Environment Variables:
JAVA_HOME=D:\Program Files\Java\jdk1.6.0_17
CLASSPATH=.;D:\Program Files\Java\jre6\lib\ext\QTJava.zip
PATH=C:\Program Files\Common Files\Microsoft Shared\Windows Live;C:\WINDOWS\system32;C:\WINDOWS;C:\WINDOWS\System32\Wbem;C:\WINDOWS\System32\WindowsPowerShell\v1.0\;C:\Program Files\Common Files\Thunder Network\KanKan\Codecs;C:\Program Files\Lenovo\Access Connections\;D:\Program Files\MySQL\MySQL Server 5.1\bin;"D:\Program Files\Zend\ZendServer\bin";"D:\Program Files\Zend\ZendServer\share\ZendFramework\bin";C:\Program Files\Windows Live\Shared;D:\workroom\cpp\luabin5.1.4;D:\workroom\cpp\luabin5.1.4\clibs;D:\Program Files\TortoiseHg\;D:\Python27\;D:\Program Files\TortoiseSVN\bin;D:\Program Files\QuickTime\QTSystem\;D:\Program Files\TortoiseGit\bin;C:\Program Files\Windows Kits\8.0\Windows Performance Toolkit\;D:\Ruby192\bin;D:\Program Files\IDM Computer Solutions\UltraEdit\;D:\workroom\cpp\wxWidgets-2.8.10\lib\vc_dll;D:\workroom\java\apache-maven-3.0.3\bin;D:\workroom\java\apache-ant-1.8.3\bin;d:\php-5.3.10
USERNAME=whyh
OS=Windows_NT
PROCESSOR_IDENTIFIER=x86 Family 6 Model 23 Stepping 10, GenuineIntel



---------------  S Y S T E M  ---------------

OS: Windows NT 6.2 Build 9200 

CPU:total 2 (2 cores per cpu, 1 threads per core) family 6 model 23 stepping 10, cmov, cx8, fxsr, mmx, sse, sse2, sse3, ssse3, sse4.1

Memory: 4k page, physical 1958768k(289468k free), swap 4194303k(2850444k free)

vm_info: Java HotSpot(TM) Client VM (14.3-b01) for windows-x86 JRE (1.6.0_17-b04), built on Oct 11 2009 00:52:06 by "java_re" with MS VC++ 7.1

time: Thu Nov 08 17:20:27 2012
elapsed time: 2 seconds

